# JRE version: OpenJDK Runtime Environment (21.0.4) (build 21.0.4+-12508038-b607.1)
# Java VM: OpenJDK 64-Bit Server VM (21.0.4+-12508038-b607.1, mixed mode, tiered, compressed oops, compressed class ptrs, g1 gc, windows-amd64)
GC Precious Log:
 CardTable entry size: 512
 Card Set container configuration: InlinePtr #cards 5 size 8 Array Of Cards #cards 12 size 40 Howl #buckets 4 coarsen threshold 1843 Howl Bitmap #cards 512 size 80 coarsen threshold 460 Card regions per heap region 1 cards per card region 2048
 CPUs: 4 total, 4 available
 Memory: 8064M
 Large Page Support: Disabled
 NUMA Support: Disabled
 Compressed Oops: Enabled (32-bit)
 Heap Region Size: 1M
 Heap Min Capacity: 8M
 Heap Initial Capacity: 128M
 Heap Max Capacity: 2G
 Pre-touch: Disabled
 Parallel Workers: 4
 Concurrent Workers: 1
 Concurrent Refinement Workers: 4
 Periodic GC: Disabled
Heap:
 garbage-first heap   total 381952K, used 172490K [0x0000000080000000, 0x0000000100000000)
  region size 1024K, 8 young (8192K), 2 survivors (2048K)
 Metaspace       used 189620K, committed 191616K, reserved 1245184K
  class space    used 23690K, committed 24832K, reserved 1048576K
GC Heap History (20 events):
Event: 1981.416 GC heap before
{Heap before GC invocations=125 (full 0):
 garbage-first heap   total 370688K, used 332800K [0x0000000080000000, 0x0000000100000000)
  region size 1024K, 142 young (145408K), 16 survivors (16384K)
 Metaspace       used 185294K, committed 187968K, reserved 1245184K
  class space    used 23433K, committed 24768K, reserved 1048576K
}
Event: 1981.477 GC heap after
{Heap after GC invocations=126 (full 0):
 garbage-first heap   total 370688K, used 200653K [0x0000000080000000, 0x0000000100000000)
  region size 1024K, 2 young (2048K), 2 survivors (2048K)
 Metaspace       used 185294K, committed 187968K, reserved 1245184K
  class space    used 23433K, committed 24768K, reserved 1048576K
}
Event: 1981.797 GC heap before
{Heap before GC invocations=126 (full 0):
 garbage-first heap   total 370688K, used 213965K [0x0000000080000000, 0x0000000100000000)
  region size 1024K, 17 young (17408K), 2 survivors (2048K)
 Metaspace       used 185324K, committed 187968K, reserved 1245184K
  class space    used 23433K, committed 24768K, reserved 1048576K
}
Event: 1981.806 GC heap after
{Heap after GC invocations=127 (full 0):
 garbage-first heap   total 370688K, used 200190K [0x0000000080000000, 0x0000000100000000)
  region size 1024K, 2 young (2048K), 2 survivors (2048K)
 Metaspace       used 185324K, committed 187968K, reserved 1245184K
  class space    used 23433K, committed 24768K, reserved 1048576K
}
Event: 2098.817 GC heap before
{Heap before GC invocations=128 (full 0):
 garbage-first heap   total 370688K, used 348670K [0x0000000080000000, 0x0000000100000000)
  region size 1024K, 141 young (144384K), 2 survivors (2048K)
 Metaspace       used 182794K, committed 187776K, reserved 1245184K
  class space    used 22824K, committed 24768K, reserved 1048576K
}
Event: 2098.877 GC heap after
{Heap after GC invocations=129 (full 0):
 garbage-first heap   total 370688K, used 209503K [0x0000000080000000, 0x0000000100000000)
  region size 1024K, 15 young (15360K), 15 survivors (15360K)
 Metaspace       used 182794K, committed 187776K, reserved 1245184K
  class space    used 22824K, committed 24768K, reserved 1048576K
}
Event: 2100.121 GC heap before
{Heap before GC invocations=129 (full 0):
 garbage-first heap   total 370688K, used 346719K [0x0000000080000000, 0x0000000100000000)
  region size 1024K, 138 young (141312K), 15 survivors (15360K)
 Metaspace       used 182872K, committed 187776K, reserved 1245184K
  class space    used 22824K, committed 24768K, reserved 1048576K
}
Event: 2100.174 GC heap after
{Heap after GC invocations=130 (full 0):
 garbage-first heap   total 370688K, used 173056K [0x0000000080000000, 0x0000000100000000)
  region size 1024K, 2 young (2048K), 2 survivors (2048K)
 Metaspace       used 182872K, committed 187776K, reserved 1245184K
  class space    used 22824K, committed 24768K, reserved 1048576K
}
Event: 2252.540 GC heap before
{Heap before GC invocations=130 (full 0):
 garbage-first heap   total 370688K, used 354304K [0x0000000080000000, 0x0000000100000000)
  region size 1024K, 168 young (172032K), 2 survivors (2048K)
 Metaspace       used 183010K, committed 187776K, reserved 1245184K
  class space    used 22833K, committed 24768K, reserved 1048576K
}
Event: 2252.644 GC heap after
{Heap after GC invocations=131 (full 0):
 garbage-first heap   total 370688K, used 163127K [0x0000000080000000, 0x0000000100000000)
  region size 1024K, 2 young (2048K), 2 survivors (2048K)
 Metaspace       used 183010K, committed 187776K, reserved 1245184K
  class space    used 22833K, committed 24768K, reserved 1048576K
}
Event: 2439.360 GC heap before
{Heap before GC invocations=131 (full 0):
 garbage-first heap   total 370688K, used 236855K [0x0000000080000000, 0x0000000100000000)
  region size 1024K, 75 young (76800K), 2 survivors (2048K)
 Metaspace       used 183118K, committed 187840K, reserved 1245184K
  class space    used 22833K, committed 24768K, reserved 1048576K
}
Event: 2439.396 GC heap after
{Heap after GC invocations=132 (full 0):
 garbage-first heap   total 370688K, used 172031K [0x0000000080000000, 0x0000000100000000)
  region size 1024K, 10 young (10240K), 10 survivors (10240K)
 Metaspace       used 183118K, committed 187840K, reserved 1245184K
  class space    used 22833K, committed 24768K, reserved 1048576K
}
Event: 2455.920 GC heap before
{Heap before GC invocations=133 (full 0):
 garbage-first heap   total 376832K, used 367615K [0x0000000080000000, 0x0000000100000000)
  region size 1024K, 175 young (179200K), 10 survivors (10240K)
 Metaspace       used 183335K, committed 188032K, reserved 1245184K
  class space    used 22819K, committed 24768K, reserved 1048576K
}
Event: 2455.969 GC heap after
{Heap after GC invocations=134 (full 0):
 garbage-first heap   total 381952K, used 173056K [0x0000000080000000, 0x0000000100000000)
  region size 1024K, 13 young (13312K), 13 survivors (13312K)
 Metaspace       used 183335K, committed 188032K, reserved 1245184K
  class space    used 22819K, committed 24768K, reserved 1048576K
}
Event: 2912.368 GC heap before
{Heap before GC invocations=134 (full 0):
 garbage-first heap   total 381952K, used 347136K [0x0000000080000000, 0x0000000100000000)
  region size 1024K, 184 young (188416K), 13 survivors (13312K)
 Metaspace       used 185592K, committed 188352K, reserved 1245184K
  class space    used 23165K, committed 24768K, reserved 1048576K
}
Event: 2912.785 GC heap after
{Heap after GC invocations=135 (full 0):
 garbage-first heap   total 381952K, used 154366K [0x0000000080000000, 0x0000000100000000)
  region size 1024K, 7 young (7168K), 7 survivors (7168K)
 Metaspace       used 185592K, committed 188352K, reserved 1245184K
  class space    used 23165K, committed 24768K, reserved 1048576K
}
Event: 2961.239 GC heap before
{Heap before GC invocations=135 (full 0):
 garbage-first heap   total 381952K, used 353022K [0x0000000080000000, 0x0000000100000000)
  region size 1024K, 201 young (205824K), 7 survivors (7168K)
 Metaspace       used 189699K, committed 191616K, reserved 1245184K
  class space    used 23713K, committed 24832K, reserved 1048576K
}
Event: 2961.739 GC heap after
{Heap after GC invocations=136 (full 0):
 garbage-first heap   total 381952K, used 171262K [0x0000000080000000, 0x0000000100000000)
  region size 1024K, 23 young (23552K), 23 survivors (23552K)
 Metaspace       used 189699K, committed 191616K, reserved 1245184K
  class space    used 23713K, committed 24832K, reserved 1048576K
}
Event: 2964.719 GC heap before
{Heap before GC invocations=136 (full 0):
 garbage-first heap   total 381952K, used 167166K [0x0000000080000000, 0x0000000100000000)
  region size 1024K, 24 young (24576K), 23 survivors (23552K)
 Metaspace       used 189619K, committed 191616K, reserved 1245184K
  class space    used 23690K, committed 24832K, reserved 1048576K
}
Event: 2964.829 GC heap after
{Heap after GC invocations=137 (full 0):
 garbage-first heap   total 381952K, used 167370K [0x0000000080000000, 0x0000000100000000)
  region size 1024K, 2 young (2048K), 2 survivors (2048K)
 Metaspace       used 189619K, committed 191616K, reserved 1245184K
  class space    used 23690K, committed 24832K, reserved 1048576K
}

