# JRE version: Java(TM) SE Runtime Environment (21.0.2+13) (build 21.0.2+13-LTS-58)
# Java VM: Java HotSpot(TM) 64-Bit Server VM (21.0.2+13-LTS-58, mixed mode, sharing, tiered, compressed oops, compressed class ptrs, g1 gc, windows-amd64)
GC Precious Log:
 CardTable entry size: 512
 Card Set container configuration: InlinePtr #cards 5 size 8 Array Of Cards #cards 12 size 40 Howl #buckets 4 coarsen threshold 1843 Howl Bitmap #cards 512 size 80 coarsen threshold 460 Card regions per heap region 1 cards per card region 2048
 CPUs: 4 total, 4 available
 Memory: 8064M
 Large Page Support: Disabled
 NUMA Support: Disabled
 Compressed Oops: Enabled (32-bit)
 Heap Region Size: 1M
 Heap Min Capacity: 8M
 Heap Initial Capacity: 128M
 Heap Max Capacity: 2G
 Pre-touch: Disabled
 Parallel Workers: 4
 Concurrent Workers: 1
 Concurrent Refinement Workers: 4
 Periodic GC: Disabled
Heap:
 garbage-first heap   total 295936K, used 161394K [0x0000000080000000, 0x0000000100000000)
  region size 1024K, 12 young (12288K), 5 survivors (5120K)
 Metaspace       used 139652K, committed 142144K, reserved 1179648K
  class space    used 18673K, committed 19904K, reserved 1048576K
GC Heap History (20 events):
Event: 64.121 GC heap before
{Heap before GC invocations=52 (full 0):
 garbage-first heap   total 234496K, used 157590K [0x0000000080000000, 0x0000000100000000)
  region size 1024K, 34 young (34816K), 8 survivors (8192K)
 Metaspace       used 111454K, committed 113792K, reserved 1179648K
  class space    used 15229K, committed 16384K, reserved 1048576K
}
Event: 64.155 GC heap after
{Heap after GC invocations=53 (full 0):
 garbage-first heap   total 234496K, used 141671K [0x0000000080000000, 0x0000000100000000)
  region size 1024K, 9 young (9216K), 9 survivors (9216K)
 Metaspace       used 111454K, committed 113792K, reserved 1179648K
  class space    used 15229K, committed 16384K, reserved 1048576K
}
Event: 69.461 GC heap before
{Heap before GC invocations=54 (full 0):
 garbage-first heap   total 275456K, used 225639K [0x0000000080000000, 0x0000000100000000)
  region size 1024K, 76 young (77824K), 9 survivors (9216K)
 Metaspace       used 111971K, committed 114368K, reserved 1179648K
  class space    used 15259K, committed 16448K, reserved 1048576K
}
Event: 69.501 GC heap after
{Heap after GC invocations=55 (full 0):
 garbage-first heap   total 275456K, used 163840K [0x0000000080000000, 0x0000000100000000)
  region size 1024K, 10 young (10240K), 10 survivors (10240K)
 Metaspace       used 111971K, committed 114368K, reserved 1179648K
  class space    used 15259K, committed 16448K, reserved 1048576K
}
Event: 72.300 GC heap before
{Heap before GC invocations=55 (full 0):
 garbage-first heap   total 275456K, used 248832K [0x0000000080000000, 0x0000000100000000)
  region size 1024K, 79 young (80896K), 10 survivors (10240K)
 Metaspace       used 114541K, committed 116928K, reserved 1179648K
  class space    used 15480K, committed 16704K, reserved 1048576K
}
Event: 72.332 GC heap after
{Heap after GC invocations=56 (full 0):
 garbage-first heap   total 275456K, used 171490K [0x0000000080000000, 0x0000000100000000)
  region size 1024K, 8 young (8192K), 8 survivors (8192K)
 Metaspace       used 114541K, committed 116928K, reserved 1179648K
  class space    used 15480K, committed 16704K, reserved 1048576K
}
Event: 75.600 GC heap before
{Heap before GC invocations=56 (full 0):
 garbage-first heap   total 275456K, used 239074K [0x0000000080000000, 0x0000000100000000)
  region size 1024K, 75 young (76800K), 8 survivors (8192K)
 Metaspace       used 115995K, committed 118464K, reserved 1179648K
  class space    used 15607K, committed 16832K, reserved 1048576K
}
Event: 75.611 GC heap after
{Heap after GC invocations=57 (full 0):
 garbage-first heap   total 275456K, used 170868K [0x0000000080000000, 0x0000000100000000)
  region size 1024K, 2 young (2048K), 2 survivors (2048K)
 Metaspace       used 115995K, committed 118464K, reserved 1179648K
  class space    used 15607K, committed 16832K, reserved 1048576K
}
Event: 78.000 GC heap before
{Heap before GC invocations=58 (full 0):
 garbage-first heap   total 295936K, used 242548K [0x0000000080000000, 0x0000000100000000)
  region size 1024K, 73 young (74752K), 2 survivors (2048K)
 Metaspace       used 117489K, committed 119872K, reserved 1179648K
  class space    used 15744K, committed 16960K, reserved 1048576K
}
Event: 78.014 GC heap after
{Heap after GC invocations=59 (full 0):
 garbage-first heap   total 295936K, used 176640K [0x0000000080000000, 0x0000000100000000)
  region size 1024K, 7 young (7168K), 7 survivors (7168K)
 Metaspace       used 117489K, committed 119872K, reserved 1179648K
  class space    used 15744K, committed 16960K, reserved 1048576K
}
Event: 87.193 GC heap before
{Heap before GC invocations=59 (full 0):
 garbage-first heap   total 295936K, used 258560K [0x0000000080000000, 0x0000000100000000)
  region size 1024K, 88 young (90112K), 7 survivors (7168K)
 Metaspace       used 118463K, committed 120832K, reserved 1179648K
  class space    used 15850K, committed 17024K, reserved 1048576K
}
Event: 87.213 GC heap after
{Heap after GC invocations=60 (full 0):
 garbage-first heap   total 295936K, used 167565K [0x0000000080000000, 0x0000000100000000)
  region size 1024K, 5 young (5120K), 5 survivors (5120K)
 Metaspace       used 118463K, committed 120832K, reserved 1179648K
  class space    used 15850K, committed 17024K, reserved 1048576K
}
Event: 92.324 GC heap before
{Heap before GC invocations=60 (full 0):
 garbage-first heap   total 295936K, used 257677K [0x0000000080000000, 0x0000000100000000)
  region size 1024K, 94 young (96256K), 5 survivors (5120K)
 Metaspace       used 125933K, committed 128448K, reserved 1179648K
  class space    used 16843K, committed 18112K, reserved 1048576K
}
Event: 92.346 GC heap after
{Heap after GC invocations=61 (full 0):
 garbage-first heap   total 295936K, used 173867K [0x0000000080000000, 0x0000000100000000)
  region size 1024K, 11 young (11264K), 11 survivors (11264K)
 Metaspace       used 125933K, committed 128448K, reserved 1179648K
  class space    used 16843K, committed 18112K, reserved 1048576K
}
Event: 97.653 GC heap before
{Heap before GC invocations=62 (full 0):
 garbage-first heap   total 295936K, used 254763K [0x0000000080000000, 0x0000000100000000)
  region size 1024K, 100 young (102400K), 11 survivors (11264K)
 Metaspace       used 134446K, committed 136896K, reserved 1179648K
  class space    used 18092K, committed 19328K, reserved 1048576K
}
Event: 97.683 GC heap after
{Heap after GC invocations=63 (full 0):
 garbage-first heap   total 295936K, used 169906K [0x0000000080000000, 0x0000000100000000)
  region size 1024K, 12 young (12288K), 12 survivors (12288K)
 Metaspace       used 134446K, committed 136896K, reserved 1179648K
  class space    used 18092K, committed 19328K, reserved 1048576K
}
Event: 104.857 GC heap before
{Heap before GC invocations=63 (full 0):
 garbage-first heap   total 295936K, used 268210K [0x0000000080000000, 0x0000000100000000)
  region size 1024K, 108 young (110592K), 12 survivors (12288K)
 Metaspace       used 137792K, committed 140352K, reserved 1179648K
  class space    used 18427K, committed 19712K, reserved 1048576K
}
Event: 104.883 GC heap after
{Heap after GC invocations=64 (full 0):
 garbage-first heap   total 295936K, used 156160K [0x0000000080000000, 0x0000000100000000)
  region size 1024K, 6 young (6144K), 6 survivors (6144K)
 Metaspace       used 137792K, committed 140352K, reserved 1179648K
  class space    used 18427K, committed 19712K, reserved 1048576K
}
Event: 112.612 GC heap before
{Heap before GC invocations=64 (full 0):
 garbage-first heap   total 295936K, used 271872K [0x0000000080000000, 0x0000000100000000)
  region size 1024K, 119 young (121856K), 6 survivors (6144K)
 Metaspace       used 139186K, committed 141696K, reserved 1179648K
  class space    used 18603K, committed 19840K, reserved 1048576K
}
Event: 112.628 GC heap after
{Heap after GC invocations=65 (full 0):
 garbage-first heap   total 295936K, used 155250K [0x0000000080000000, 0x0000000100000000)
  region size 1024K, 5 young (5120K), 5 survivors (5120K)
 Metaspace       used 139186K, committed 141696K, reserved 1179648K
  class space    used 18603K, committed 19840K, reserved 1048576K
}

